Build started 11/20/2014 3:38:37 PM.
     1>Project "C:\cygwin64\home\sigverse\EmbodiedBrain\MirrorTherapy\KinectV2\KinectV2.vcxproj" on node 2 (Rebuild target(s)).
     1>C:\Program Files (x86)\MSBuild\Microsoft.Cpp\v4.0\V120\Microsoft.CppBuild.targets(388,5): warning MSB8028: The intermediate directory (Release\) contains files shared from another project (KinectV2.vcxproj, MyService.vcxproj, SIGNiUserTracker_KinectV2.vcxproj).  This can lead to incorrect clean and rebuild behavior.
     1>ClCompile:
         C:\Program Files (x86)\Microsoft Visual Studio 12.0\VC\bin\CL.exe /c /IC:\cygwin64\home\sigverse\EmbodiedBrain\MirrorTherapy\packages\OpenCV.2.4.8\build\native\../../build/native/include/ /I..\include /I"C:\Program Files\Microsoft SDKs\Kinect\v2.0-PublicPreview1409\\inc" /Zi /nologo /W3 /WX- /sdl /O2 /Oi /Oy- /GL /D HAS_OPENCV /D WIN32 /D NDEBUG /D _CONSOLE /D _CRT_SECURE_NO_WARNINGS /D _LIB /D _LINKAGE /D _REVERSE_HAND /D _NO_USE_FOOT /Gm- /EHsc /MD /GS /Gy /fp:precise /Zc:wchar_t /Zc:forScope /Fo"Release\\" /Fd"Release\vc120.pdb" /Gd /TP /analyze- /errorReport:prompt KinectApp.cpp linekage.cpp Logger.cpp main.cpp
         KinectApp.cpp
         linekage.cpp
         Logger.cpp
         main.cpp
       Link:
         C:\Program Files (x86)\Microsoft Visual Studio 12.0\VC\bin\link.exe /ERRORREPORT:PROMPT /OUT:"C:\cygwin64\home\sigverse\EmbodiedBrain\MirrorTherapy\Release\MirrorTherapy.exe" /INCREMENTAL:NO /NOLOGO /LIBPATH:..\lib /LIBPATH:"C:\Program Files\Microsoft SDKs\Kinect\v2.0-PublicPreview1409\\lib\x86" C:\cygwin64\home\sigverse\EmbodiedBrain\MirrorTherapy\packages\OpenCV.2.4.8\build\native\../../build/native/lib/Win32/v120/Release/opencv_videostab248.lib C:\cygwin64\home\sigverse\EmbodiedBrain\MirrorTherapy\packages\OpenCV.2.4.8\build\native\../../build/native/lib/Win32/v120/Release/opencv_video248.lib C:\cygwin64\home\sigverse\EmbodiedBrain\MirrorTherapy\packages\OpenCV.2.4.8\build\native\../../build/native/lib/Win32/v120/Release/opencv_ts248.lib C:\cygwin64\home\sigverse\EmbodiedBrain\MirrorTherapy\packages\OpenCV.2.4.8\build\native\../../build/native/lib/Win32/v120/Release/opencv_superres248.lib C:\cygwin64\home\sigverse\EmbodiedBrain\MirrorTherapy\packages\OpenCV.2.4.8\build\native\../../build/native/lib/Win32/v120/Release/opencv_stitching248.lib C:\cygwin64\home\sigverse\EmbodiedBrain\MirrorTherapy\packages\OpenCV.2.4.8\build\native\../../build/native/lib/Win32/v120/Release/opencv_photo248.lib C:\cygwin64\home\sigverse\EmbodiedBrain\MirrorTherapy\packages\OpenCV.2.4.8\build\native\../../build/native/lib/Win32/v120/Release/opencv_ocl248.lib C:\cygwin64\home\sigverse\EmbodiedBrain\MirrorTherapy\packages\OpenCV.2.4.8\build\native\../../build/native/lib/Win32/v120/Release/opencv_objdetect248.lib C:\cygwin64\home\sigverse\EmbodiedBrain\MirrorTherapy\packages\OpenCV.2.4.8\build\native\../../build/native/lib/Win32/v120/Release/opencv_nonfree248.lib C:\cygwin64\home\sigverse\EmbodiedBrain\MirrorTherapy\packages\OpenCV.2.4.8\build\native\../../build/native/lib/Win32/v120/Release/opencv_ml248.lib C:\cygwin64\home\sigverse\EmbodiedBrain\MirrorTherapy\packages\OpenCV.2.4.8\build\native\../../build/native/lib/Win32/v120/Release/opencv_legacy248.lib C:\cygwin64\home\sigverse\EmbodiedBrain\MirrorTherapy\packages\OpenCV.2.4.8\build\native\../../build/native/lib/Win32/v120/Release/opencv_imgproc248.lib C:\cygwin64\home\sigverse\EmbodiedBrain\MirrorTherapy\packages\OpenCV.2.4.8\build\native\../../build/native/lib/Win32/v120/Release/opencv_highgui248.lib C:\cygwin64\home\sigverse\EmbodiedBrain\MirrorTherapy\packages\OpenCV.2.4.8\build\native\../../build/native/lib/Win32/v120/Release/opencv_gpu248.lib C:\cygwin64\home\sigverse\EmbodiedBrain\MirrorTherapy\packages\OpenCV.2.4.8\build\native\../../build/native/lib/Win32/v120/Release/opencv_flann248.lib C:\cygwin64\home\sigverse\EmbodiedBrain\MirrorTherapy\packages\OpenCV.2.4.8\build\native\../../build/native/lib/Win32/v120/Release/opencv_features2d248.lib C:\cygwin64\home\sigverse\EmbodiedBrain\MirrorTherapy\packages\OpenCV.2.4.8\build\native\../../build/native/lib/Win32/v120/Release/opencv_core248.lib C:\cygwin64\home\sigverse\EmbodiedBrain\MirrorTherapy\packages\OpenCV.2.4.8\build\native\../../build/native/lib/Win32/v120/Release/opencv_contrib248.lib C:\cygwin64\home\sigverse\EmbodiedBrain\MirrorTherapy\packages\OpenCV.2.4.8\build\native\../../build/native/lib/Win32/v120/Release/opencv_calib3d248.lib SIGService.lib openNI.lib Kinect20.lib Kinect20.Face.lib kernel32.lib user32.lib gdi32.lib winspool.lib comdlg32.lib advapi32.lib shell32.lib ole32.lib oleaut32.lib uuid.lib odbc32.lib odbccp32.lib /MANIFEST /MANIFESTUAC:"level='asInvoker' uiAccess='false'" /manifest:embed /DEBUG /PDB:"C:\cygwin64\home\sigverse\EmbodiedBrain\MirrorTherapy\Release\MirrorTherapy.pdb" /SUBSYSTEM:CONSOLE /OPT:REF /OPT:ICF /LTCG /TLBID:1 /DYNAMICBASE /NXCOMPAT /IMPLIB:"C:\cygwin64\home\sigverse\EmbodiedBrain\MirrorTherapy\Release\MirrorTherapy.lib" /MACHINE:X86 /SAFESEH Release\KinectApp.obj
         Release\linekage.obj
         Release\Logger.obj
         Release\main.obj
         Generating code
         Finished generating code
         KinectV2.vcxproj -> C:\cygwin64\home\sigverse\EmbodiedBrain\MirrorTherapy\Release\MirrorTherapy.exe
     1>Done Building Project "C:\cygwin64\home\sigverse\EmbodiedBrain\MirrorTherapy\KinectV2\KinectV2.vcxproj" (Rebuild target(s)).

Build succeeded.

Time Elapsed 00:00:05.57
