c:\sigverse\src\mirrortherapy_3\kinectv2\release\vc120.pdb
c:\sigverse\src\mirrortherapy_3\kinectv2\release\main.obj
c:\sigverse\src\mirrortherapy_3\kinectv2\release\logger.obj
c:\sigverse\src\mirrortherapy_3\kinectv2\release\linekage.obj
c:\sigverse\src\mirrortherapy_3\kinectv2\release\kinectapp.obj
c:\sigverse\src\mirrortherapy_3\release\mirrortherapy.exe
c:\sigverse\src\mirrortherapy_3\release\mirrortherapy.pdb
c:\sigverse\src\mirrortherapy_4\kinectv2\release\kinectapp.obj
c:\sigverse\src\mirrortherapy_4\kinectv2\release\linekage.obj
c:\sigverse\src\mirrortherapy_4\kinectv2\release\logger.obj
c:\sigverse\src\mirrortherapy_4\kinectv2\release\main.obj
c:\sigverse\src\mirrortherapy_4\kinectv2\release\vc120.pdb
c:\sigverse\src\mirrortherapy_4\release\mirrortherapy.pdb
c:\sigverse\src\mirrortherapy_4\release\mirrortherapy.exe
c:\sigverse\src\mirrortherapy_4\kinectv2\release\mirrortherapy.tlog\cl.command.1.tlog
c:\sigverse\src\mirrortherapy_4\kinectv2\release\mirrortherapy.tlog\cl.read.1.tlog
c:\sigverse\src\mirrortherapy_4\kinectv2\release\mirrortherapy.tlog\cl.write.1.tlog
c:\sigverse\src\mirrortherapy_4\kinectv2\release\mirrortherapy.tlog\link.command.1.tlog
c:\sigverse\src\mirrortherapy_4\kinectv2\release\mirrortherapy.tlog\link.read.1.tlog
c:\sigverse\src\mirrortherapy_4\kinectv2\release\mirrortherapy.tlog\link.write.1.tlog
