c:\users\ikeda\desktop\kinectv2-body-01_20141110_3\kinectv2\release\vc120.pdb
c:\users\ikeda\desktop\kinectv2-body-01_20141110_3\kinectv2\release\myservice.obj
c:\users\ikeda\desktop\kinectv2-body-01_20141110_3\kinectv2\release\main.obj
c:\users\ikeda\desktop\kinectv2-body-01_20141110_3\kinectv2\release\logger.obj
c:\users\ikeda\desktop\kinectv2-body-01_20141110_3\kinectv2\release\kinectapp.obj
c:\users\ikeda\desktop\kinectv2-body-01_20141110_3\release\myservice.exe
c:\users\ikeda\desktop\kinectv2-body-01_20141110_3\release\myservice.pdb
c:\users\ikeda\desktop\kinectv2-body-01_20141111_1\kinectv2\release\kinectapp.obj
c:\users\ikeda\desktop\kinectv2-body-01_20141111_1\kinectv2\release\logger.obj
c:\users\ikeda\desktop\kinectv2-body-01_20141111_1\kinectv2\release\main.obj
c:\users\ikeda\desktop\kinectv2-body-01_20141111_1\kinectv2\release\myservice.obj
c:\users\ikeda\desktop\kinectv2-body-01_20141111_1\kinectv2\release\vc120.pdb
c:\users\ikeda\desktop\kinectv2-body-01_20141111_1\release\myservice.pdb
c:\users\ikeda\desktop\kinectv2-body-01_20141111_1\release\myservice.exe
c:\users\ikeda\desktop\kinectv2-body-01_20141111_1\kinectv2\release\myservice.tlog\cl.command.1.tlog
c:\users\ikeda\desktop\kinectv2-body-01_20141111_1\kinectv2\release\myservice.tlog\cl.read.1.tlog
c:\users\ikeda\desktop\kinectv2-body-01_20141111_1\kinectv2\release\myservice.tlog\cl.write.1.tlog
c:\users\ikeda\desktop\kinectv2-body-01_20141111_1\kinectv2\release\myservice.tlog\link.command.1.tlog
c:\users\ikeda\desktop\kinectv2-body-01_20141111_1\kinectv2\release\myservice.tlog\link.read.1.tlog
c:\users\ikeda\desktop\kinectv2-body-01_20141111_1\kinectv2\release\myservice.tlog\link.write.1.tlog
